2025-10-06 10:58:12.351 [background-preinit] INFO  org.hibernate.validator.internal.util.Version - HV000001: Hibernate Validator 6.2.5.Final
2025-10-06 10:58:12.397 [main] INFO  com.company.nextlabs.policygen.PolicyGeneratorApplication - Starting PolicyGeneratorApplication using Java 11.0.28 on MITRE with PID 24120 (C:\Users\ylioh\IdeaProjects\CapstoneProject\build\classes\java\main started by ylioh in C:\Users\ylioh\IdeaProjects\CapstoneProject)
2025-10-06 10:58:12.401 [main] INFO  com.company.nextlabs.policygen.PolicyGeneratorApplication - No active profile set, falling back to 1 default profile: "default"
2025-10-06 10:58:13.130 [main] INFO  org.springframework.boot.web.embedded.tomcat.TomcatWebServer - Tomcat initialized with port(s): 8080 (http)
2025-10-06 10:58:13.311 [main] INFO  org.springframework.boot.web.servlet.context.ServletWebServerApplicationContext - Root WebApplicationContext: initialization completed in 870 ms
2025-10-06 10:58:13.618 [main] INFO  org.springframework.boot.web.embedded.tomcat.TomcatWebServer - Tomcat started on port(s): 8080 (http) with context path ''
2025-10-06 10:58:13.627 [main] INFO  com.company.nextlabs.policygen.PolicyGeneratorApplication - Started PolicyGeneratorApplication in 1.668 seconds (JVM running for 3.574)
2025-10-06 11:00:57.604 [http-nio-8080-exec-5] INFO  org.springframework.web.servlet.DispatcherServlet - Initializing Servlet 'dispatcherServlet'
2025-10-06 11:00:57.607 [http-nio-8080-exec-5] INFO  org.springframework.web.servlet.DispatcherServlet - Completed initialization in 2 ms
2025-10-06 11:06:36.899 [background-preinit] INFO  org.hibernate.validator.internal.util.Version - HV000001: Hibernate Validator 6.2.5.Final
2025-10-06 11:06:36.926 [main] INFO  com.company.nextlabs.policygen.PolicyGeneratorApplication - Starting PolicyGeneratorApplication using Java 24.0.2 on MITRE with PID 19040 (C:\Users\ylioh\IdeaProjects\CapstoneProject\build\classes\java\main started by ylioh in C:\Users\ylioh\IdeaProjects\CapstoneProject)
2025-10-06 11:06:36.928 [main] INFO  com.company.nextlabs.policygen.PolicyGeneratorApplication - No active profile set, falling back to 1 default profile: "default"
2025-10-06 11:06:37.609 [main] INFO  org.springframework.boot.web.embedded.tomcat.TomcatWebServer - Tomcat initialized with port(s): 8080 (http)
2025-10-06 11:06:37.727 [main] INFO  org.springframework.boot.web.servlet.context.ServletWebServerApplicationContext - Root WebApplicationContext: initialization completed in 764 ms
2025-10-06 11:06:37.975 [main] INFO  org.springframework.boot.web.embedded.tomcat.TomcatWebServer - Tomcat started on port(s): 8080 (http) with context path ''
2025-10-06 11:06:37.981 [main] INFO  com.company.nextlabs.policygen.PolicyGeneratorApplication - Started PolicyGeneratorApplication in 1.352 seconds (JVM running for 2.118)
2025-10-06 11:07:28.796 [http-nio-8080-exec-2] INFO  org.springframework.web.servlet.DispatcherServlet - Initializing Servlet 'dispatcherServlet'
2025-10-06 11:07:28.799 [http-nio-8080-exec-2] INFO  org.springframework.web.servlet.DispatcherServlet - Completed initialization in 2 ms
2025-10-06 11:15:19.079 [background-preinit] INFO  org.hibernate.validator.internal.util.Version - HV000001: Hibernate Validator 6.2.5.Final
2025-10-06 11:15:19.111 [main] INFO  com.company.nextlabs.policygen.PolicyGeneratorApplication - Starting PolicyGeneratorApplication using Java 11.0.28 on MITRE with PID 30108 (C:\Users\ylioh\IdeaProjects\CapstoneProject\build\classes\java\main started by ylioh in C:\Users\ylioh\IdeaProjects\CapstoneProject)
2025-10-06 11:15:19.114 [main] INFO  com.company.nextlabs.policygen.PolicyGeneratorApplication - No active profile set, falling back to 1 default profile: "default"
2025-10-06 11:15:19.728 [main] INFO  org.springframework.boot.web.embedded.tomcat.TomcatWebServer - Tomcat initialized with port(s): 8080 (http)
2025-10-06 11:15:20.022 [main] INFO  org.springframework.boot.web.servlet.context.ServletWebServerApplicationContext - Root WebApplicationContext: initialization completed in 872 ms
2025-10-06 11:15:20.265 [main] INFO  org.springframework.boot.web.embedded.tomcat.TomcatWebServer - Tomcat started on port(s): 8080 (http) with context path ''
2025-10-06 11:15:20.273 [main] INFO  com.company.nextlabs.policygen.PolicyGeneratorApplication - Started PolicyGeneratorApplication in 1.447 seconds (JVM running for 2.517)
2025-10-06 11:16:22.491 [http-nio-8080-exec-2] INFO  org.springframework.web.servlet.DispatcherServlet - Initializing Servlet 'dispatcherServlet'
2025-10-06 11:16:22.492 [http-nio-8080-exec-2] INFO  org.springframework.web.servlet.DispatcherServlet - Completed initialization in 1 ms
2025-10-06 11:31:46.160 [background-preinit] INFO  org.hibernate.validator.internal.util.Version - HV000001: Hibernate Validator 6.2.5.Final
2025-10-06 11:31:46.194 [main] INFO  com.company.nextlabs.policygen.PolicyGeneratorApplication - Starting PolicyGeneratorApplication using Java 11.0.28 on MITRE with PID 34496 (C:\Users\ylioh\IdeaProjects\CapstoneProject\build\classes\java\main started by ylioh in C:\Users\ylioh\IdeaProjects\CapstoneProject)
2025-10-06 11:31:46.197 [main] INFO  com.company.nextlabs.policygen.PolicyGeneratorApplication - No active profile set, falling back to 1 default profile: "default"
2025-10-06 11:31:46.908 [main] INFO  org.springframework.boot.web.embedded.tomcat.TomcatWebServer - Tomcat initialized with port(s): 8080 (http)
2025-10-06 11:31:47.104 [main] INFO  org.springframework.boot.web.servlet.context.ServletWebServerApplicationContext - Root WebApplicationContext: initialization completed in 868 ms
2025-10-06 11:31:47.382 [main] INFO  org.springframework.boot.web.embedded.tomcat.TomcatWebServer - Tomcat started on port(s): 8080 (http) with context path ''
2025-10-06 11:31:47.389 [main] INFO  com.company.nextlabs.policygen.PolicyGeneratorApplication - Started PolicyGeneratorApplication in 1.502 seconds (JVM running for 2.434)
2025-10-06 11:31:57.159 [http-nio-8080-exec-2] INFO  org.springframework.web.servlet.DispatcherServlet - Initializing Servlet 'dispatcherServlet'
2025-10-06 11:31:57.159 [http-nio-8080-exec-2] INFO  org.springframework.web.servlet.DispatcherServlet - Completed initialization in 0 ms
2025-10-06 11:34:53.262 [background-preinit] INFO  org.hibernate.validator.internal.util.Version - HV000001: Hibernate Validator 6.2.5.Final
2025-10-06 11:34:53.283 [main] INFO  com.company.nextlabs.policygen.PolicyGeneratorApplication - Starting PolicyGeneratorApplication using Java 11.0.28 on MITRE with PID 11100 (C:\Users\ylioh\IdeaProjects\CapstoneProject\build\classes\java\main started by ylioh in C:\Users\ylioh\IdeaProjects\CapstoneProject)
2025-10-06 11:34:53.286 [main] INFO  com.company.nextlabs.policygen.PolicyGeneratorApplication - No active profile set, falling back to 1 default profile: "default"
2025-10-06 11:34:54.127 [main] INFO  org.springframework.boot.web.embedded.tomcat.TomcatWebServer - Tomcat initialized with port(s): 8080 (http)
2025-10-06 11:34:54.237 [main] INFO  org.springframework.boot.web.servlet.context.ServletWebServerApplicationContext - Root WebApplicationContext: initialization completed in 923 ms
2025-10-06 11:34:54.441 [main] INFO  org.springframework.boot.web.embedded.tomcat.TomcatWebServer - Tomcat started on port(s): 8080 (http) with context path ''
2025-10-06 11:34:54.448 [main] INFO  com.company.nextlabs.policygen.PolicyGeneratorApplication - Started PolicyGeneratorApplication in 1.403 seconds (JVM running for 2.057)
2025-10-06 11:35:21.452 [http-nio-8080-exec-2] INFO  org.springframework.web.servlet.DispatcherServlet - Initializing Servlet 'dispatcherServlet'
2025-10-06 11:35:21.454 [http-nio-8080-exec-2] INFO  org.springframework.web.servlet.DispatcherServlet - Completed initialization in 1 ms
2025-10-06 11:42:55.389 [background-preinit] INFO  org.hibernate.validator.internal.util.Version - HV000001: Hibernate Validator 6.2.5.Final
2025-10-06 11:42:55.416 [main] INFO  com.company.nextlabs.policygen.PolicyGeneratorApplication - Starting PolicyGeneratorApplication using Java 11.0.28 on MITRE with PID 25568 (C:\Users\ylioh\IdeaProjects\CapstoneProject\build\classes\java\main started by ylioh in C:\Users\ylioh\IdeaProjects\CapstoneProject)
2025-10-06 11:42:55.420 [main] INFO  com.company.nextlabs.policygen.PolicyGeneratorApplication - No active profile set, falling back to 1 default profile: "default"
2025-10-06 11:42:56.001 [main] INFO  org.springframework.boot.web.embedded.tomcat.TomcatWebServer - Tomcat initialized with port(s): 8080 (http)
2025-10-06 11:42:56.103 [main] INFO  org.springframework.boot.web.servlet.context.ServletWebServerApplicationContext - Root WebApplicationContext: initialization completed in 657 ms
2025-10-06 11:42:56.346 [main] INFO  org.springframework.boot.web.embedded.tomcat.TomcatWebServer - Tomcat started on port(s): 8080 (http) with context path ''
2025-10-06 11:42:56.352 [main] INFO  com.company.nextlabs.policygen.PolicyGeneratorApplication - Started PolicyGeneratorApplication in 1.217 seconds (JVM running for 2.45)
2025-10-06 11:43:04.415 [http-nio-8080-exec-2] INFO  org.springframework.web.servlet.DispatcherServlet - Initializing Servlet 'dispatcherServlet'
2025-10-06 11:43:04.417 [http-nio-8080-exec-2] INFO  org.springframework.web.servlet.DispatcherServlet - Completed initialization in 0 ms
2025-10-06 11:44:00.830 [background-preinit] INFO  org.hibernate.validator.internal.util.Version - HV000001: Hibernate Validator 6.2.5.Final
2025-10-06 11:44:00.867 [main] INFO  com.company.nextlabs.policygen.PolicyGeneratorApplication - Starting PolicyGeneratorApplication using Java 11.0.28 on MITRE with PID 27136 (C:\Users\ylioh\IdeaProjects\CapstoneProject\build\classes\java\main started by ylioh in C:\Users\ylioh\IdeaProjects\CapstoneProject)
2025-10-06 11:44:00.872 [main] INFO  com.company.nextlabs.policygen.PolicyGeneratorApplication - No active profile set, falling back to 1 default profile: "default"
2025-10-06 11:44:01.444 [main] INFO  org.springframework.boot.web.embedded.tomcat.TomcatWebServer - Tomcat initialized with port(s): 8080 (http)
2025-10-06 11:44:01.791 [main] INFO  org.springframework.boot.web.servlet.context.ServletWebServerApplicationContext - Root WebApplicationContext: initialization completed in 874 ms
2025-10-06 11:44:02.027 [main] INFO  org.springframework.boot.web.embedded.tomcat.TomcatWebServer - Tomcat started on port(s): 8080 (http) with context path ''
2025-10-06 11:44:02.034 [main] INFO  com.company.nextlabs.policygen.PolicyGeneratorApplication - Started PolicyGeneratorApplication in 1.476 seconds (JVM running for 2.461)
2025-10-06 11:44:04.108 [http-nio-8080-exec-1] INFO  org.springframework.web.servlet.DispatcherServlet - Initializing Servlet 'dispatcherServlet'
2025-10-06 11:44:04.108 [http-nio-8080-exec-1] INFO  org.springframework.web.servlet.DispatcherServlet - Completed initialization in 0 ms
2025-10-06 15:14:33.280 [background-preinit] INFO  org.hibernate.validator.internal.util.Version - HV000001: Hibernate Validator 6.2.5.Final
2025-10-06 15:14:33.333 [main] INFO  com.company.nextlabs.policygen.PolicyGeneratorApplication - Starting PolicyGeneratorApplication using Java 11.0.28 on MITRE with PID 31000 (C:\Users\ylioh\IdeaProjects\CapstoneProject\build\classes\java\main started by ylioh in C:\Users\ylioh\IdeaProjects\CapstoneProject)
2025-10-06 15:14:33.339 [main] INFO  com.company.nextlabs.policygen.PolicyGeneratorApplication - No active profile set, falling back to 1 default profile: "default"
2025-10-06 15:14:34.390 [main] INFO  org.springframework.boot.web.embedded.tomcat.TomcatWebServer - Tomcat initialized with port(s): 8080 (http)
2025-10-06 15:14:34.561 [main] INFO  org.springframework.boot.web.servlet.context.ServletWebServerApplicationContext - Root WebApplicationContext: initialization completed in 1159 ms
2025-10-06 15:14:35.283 [main] INFO  org.springframework.boot.web.embedded.tomcat.TomcatWebServer - Tomcat started on port(s): 8080 (http) with context path ''
2025-10-06 15:14:35.293 [main] INFO  com.company.nextlabs.policygen.PolicyGeneratorApplication - Started PolicyGeneratorApplication in 2.406 seconds (JVM running for 4.087)
2025-10-06 15:30:35.306 [http-nio-8080-exec-2] INFO  org.springframework.web.servlet.DispatcherServlet - Initializing Servlet 'dispatcherServlet'
2025-10-06 15:30:35.307 [http-nio-8080-exec-2] INFO  org.springframework.web.servlet.DispatcherServlet - Completed initialization in 1 ms
2025-10-06 15:39:56.262 [background-preinit] INFO  org.hibernate.validator.internal.util.Version - HV000001: Hibernate Validator 6.2.5.Final
2025-10-06 15:39:56.291 [main] INFO  com.company.nextlabs.policygen.PolicyGeneratorApplication - Starting PolicyGeneratorApplication using Java 11.0.28 on MITRE with PID 35520 (C:\Users\ylioh\IdeaProjects\CapstoneProject\build\classes\java\main started by ylioh in C:\Users\ylioh\IdeaProjects\CapstoneProject)
2025-10-06 15:39:56.294 [main] INFO  com.company.nextlabs.policygen.PolicyGeneratorApplication - No active profile set, falling back to 1 default profile: "default"
2025-10-06 15:39:56.962 [main] INFO  org.springframework.boot.web.embedded.tomcat.TomcatWebServer - Tomcat initialized with port(s): 8080 (http)
2025-10-06 15:39:57.282 [main] INFO  org.springframework.boot.web.servlet.context.ServletWebServerApplicationContext - Root WebApplicationContext: initialization completed in 956 ms
2025-10-06 15:39:57.684 [main] INFO  org.springframework.boot.web.embedded.tomcat.TomcatWebServer - Tomcat started on port(s): 8080 (http) with context path ''
2025-10-06 15:39:57.693 [main] INFO  com.company.nextlabs.policygen.PolicyGeneratorApplication - Started PolicyGeneratorApplication in 1.709 seconds (JVM running for 3.265)
2025-10-06 15:45:03.982 [http-nio-8080-exec-2] INFO  org.springframework.web.servlet.DispatcherServlet - Initializing Servlet 'dispatcherServlet'
2025-10-06 15:45:03.990 [http-nio-8080-exec-2] INFO  org.springframework.web.servlet.DispatcherServlet - Completed initialization in 4 ms
2025-10-06 15:45:36.950 [http-nio-8080-exec-3] WARN  org.springframework.web.servlet.mvc.support.DefaultHandlerExceptionResolver - Resolved [org.springframework.web.HttpRequestMethodNotSupportedException: Request method 'GET' not supported]
2025-10-06 15:46:05.484 [background-preinit] INFO  org.hibernate.validator.internal.util.Version - HV000001: Hibernate Validator 6.2.5.Final
2025-10-06 15:46:05.516 [main] INFO  com.company.nextlabs.policygen.PolicyGeneratorApplication - Starting PolicyGeneratorApplication using Java 11.0.28 on MITRE with PID 27236 (C:\Users\ylioh\IdeaProjects\CapstoneProject\build\classes\java\main started by ylioh in C:\Users\ylioh\IdeaProjects\CapstoneProject)
2025-10-06 15:46:05.520 [main] INFO  com.company.nextlabs.policygen.PolicyGeneratorApplication - No active profile set, falling back to 1 default profile: "default"
2025-10-06 15:46:06.217 [main] INFO  org.springframework.boot.web.embedded.tomcat.TomcatWebServer - Tomcat initialized with port(s): 8080 (http)
2025-10-06 15:46:06.364 [main] INFO  org.springframework.boot.web.servlet.context.ServletWebServerApplicationContext - Root WebApplicationContext: initialization completed in 811 ms
2025-10-06 15:46:06.794 [main] INFO  org.springframework.boot.web.embedded.tomcat.TomcatWebServer - Tomcat started on port(s): 8080 (http) with context path ''
2025-10-06 15:46:06.803 [main] INFO  com.company.nextlabs.policygen.PolicyGeneratorApplication - Started PolicyGeneratorApplication in 1.794 seconds (JVM running for 3.179)
2025-10-06 15:46:10.193 [http-nio-8080-exec-1] INFO  org.springframework.web.servlet.DispatcherServlet - Initializing Servlet 'dispatcherServlet'
2025-10-06 15:46:10.194 [http-nio-8080-exec-1] INFO  org.springframework.web.servlet.DispatcherServlet - Completed initialization in 1 ms
2025-10-06 16:20:13.533 [background-preinit] INFO  org.hibernate.validator.internal.util.Version - HV000001: Hibernate Validator 6.2.5.Final
2025-10-06 16:20:13.579 [main] INFO  com.company.nextlabs.policygen.PolicyGeneratorApplication - Starting PolicyGeneratorApplication using Java 11.0.28 on MITRE with PID 15368 (C:\Users\ylioh\IdeaProjects\CapstoneProject\build\classes\java\main started by ylioh in C:\Users\ylioh\IdeaProjects\CapstoneProject)
2025-10-06 16:20:13.584 [main] INFO  com.company.nextlabs.policygen.PolicyGeneratorApplication - No active profile set, falling back to 1 default profile: "default"
2025-10-06 16:20:14.543 [main] INFO  org.springframework.boot.web.embedded.tomcat.TomcatWebServer - Tomcat initialized with port(s): 8080 (http)
2025-10-06 16:20:14.753 [main] INFO  org.springframework.boot.web.servlet.context.ServletWebServerApplicationContext - Root WebApplicationContext: initialization completed in 1123 ms
2025-10-06 16:20:15.670 [main] INFO  org.springframework.boot.web.embedded.tomcat.TomcatWebServer - Tomcat started on port(s): 8080 (http) with context path ''
2025-10-06 16:20:15.683 [main] INFO  com.company.nextlabs.policygen.PolicyGeneratorApplication - Started PolicyGeneratorApplication in 2.564 seconds (JVM running for 5.167)
2025-10-06 16:23:16.130 [http-nio-8080-exec-3] INFO  org.springframework.web.servlet.DispatcherServlet - Initializing Servlet 'dispatcherServlet'
2025-10-06 16:23:16.131 [http-nio-8080-exec-3] INFO  org.springframework.web.servlet.DispatcherServlet - Completed initialization in 0 ms
2025-10-06 16:38:11.954 [background-preinit] INFO  org.hibernate.validator.internal.util.Version - HV000001: Hibernate Validator 6.2.5.Final
2025-10-06 16:38:12.005 [main] INFO  com.company.nextlabs.policygen.PolicyGeneratorApplication - Starting PolicyGeneratorApplication using Java 11.0.28 on MITRE with PID 24732 (C:\Users\ylioh\IdeaProjects\CapstoneProject\build\classes\java\main started by ylioh in C:\Users\ylioh\IdeaProjects\CapstoneProject)
2025-10-06 16:38:12.010 [main] INFO  com.company.nextlabs.policygen.PolicyGeneratorApplication - No active profile set, falling back to 1 default profile: "default"
2025-10-06 16:38:13.029 [main] INFO  org.springframework.boot.web.embedded.tomcat.TomcatWebServer - Tomcat initialized with port(s): 8080 (http)
2025-10-06 16:38:13.143 [main] INFO  org.springframework.boot.web.servlet.context.ServletWebServerApplicationContext - Root WebApplicationContext: initialization completed in 1081 ms
2025-10-06 16:38:13.578 [main] INFO  org.springframework.boot.web.embedded.tomcat.TomcatWebServer - Tomcat started on port(s): 8080 (http) with context path ''
2025-10-06 16:38:13.586 [main] INFO  com.company.nextlabs.policygen.PolicyGeneratorApplication - Started PolicyGeneratorApplication in 2.113 seconds (JVM running for 3.669)
2025-10-06 16:38:15.777 [http-nio-8080-exec-2] INFO  org.springframework.web.servlet.DispatcherServlet - Initializing Servlet 'dispatcherServlet'
2025-10-06 16:38:15.778 [http-nio-8080-exec-2] INFO  org.springframework.web.servlet.DispatcherServlet - Completed initialization in 1 ms
2025-10-06 16:41:50.774 [background-preinit] INFO  org.hibernate.validator.internal.util.Version - HV000001: Hibernate Validator 6.2.5.Final
2025-10-06 16:41:50.807 [main] INFO  com.company.nextlabs.policygen.PolicyGeneratorApplication - Starting PolicyGeneratorApplication using Java 11.0.28 on MITRE with PID 17392 (C:\Users\ylioh\IdeaProjects\CapstoneProject\build\classes\java\main started by ylioh in C:\Users\ylioh\IdeaProjects\CapstoneProject)
2025-10-06 16:41:50.813 [main] INFO  com.company.nextlabs.policygen.PolicyGeneratorApplication - No active profile set, falling back to 1 default profile: "default"
2025-10-06 16:41:52.498 [main] INFO  org.springframework.boot.web.embedded.tomcat.TomcatWebServer - Tomcat initialized with port(s): 8080 (http)
2025-10-06 16:41:52.627 [main] INFO  org.springframework.boot.web.servlet.context.ServletWebServerApplicationContext - Root WebApplicationContext: initialization completed in 1756 ms
2025-10-06 16:41:53.135 [main] INFO  org.springframework.boot.web.embedded.tomcat.TomcatWebServer - Tomcat started on port(s): 8080 (http) with context path ''
2025-10-06 16:41:53.145 [main] INFO  com.company.nextlabs.policygen.PolicyGeneratorApplication - Started PolicyGeneratorApplication in 2.724 seconds (JVM running for 4.192)
2025-10-06 16:42:08.860 [http-nio-8080-exec-1] INFO  org.springframework.web.servlet.DispatcherServlet - Initializing Servlet 'dispatcherServlet'
2025-10-06 16:42:08.861 [http-nio-8080-exec-1] INFO  org.springframework.web.servlet.DispatcherServlet - Completed initialization in 0 ms
2025-10-06 16:50:49.369 [background-preinit] INFO  org.hibernate.validator.internal.util.Version - HV000001: Hibernate Validator 6.2.5.Final
2025-10-06 16:50:49.401 [main] INFO  com.company.nextlabs.policygen.PolicyGeneratorApplication - Starting PolicyGeneratorApplication using Java 11.0.28 on MITRE with PID 17748 (C:\Users\ylioh\IdeaProjects\CapstoneProject\build\classes\java\main started by ylioh in C:\Users\ylioh\IdeaProjects\CapstoneProject)
2025-10-06 16:50:49.405 [main] INFO  com.company.nextlabs.policygen.PolicyGeneratorApplication - No active profile set, falling back to 1 default profile: "default"
2025-10-06 16:50:50.028 [main] INFO  org.springframework.boot.web.embedded.tomcat.TomcatWebServer - Tomcat initialized with port(s): 8080 (http)
2025-10-06 16:50:50.308 [main] INFO  org.springframework.boot.web.servlet.context.ServletWebServerApplicationContext - Root WebApplicationContext: initialization completed in 864 ms
2025-10-06 16:50:50.629 [main] INFO  org.springframework.boot.web.embedded.tomcat.TomcatWebServer - Tomcat started on port(s): 8080 (http) with context path ''
2025-10-06 16:50:50.634 [main] INFO  com.company.nextlabs.policygen.PolicyGeneratorApplication - Started PolicyGeneratorApplication in 1.543 seconds (JVM running for 2.553)
2025-10-06 16:50:53.714 [http-nio-8080-exec-1] INFO  org.springframework.web.servlet.DispatcherServlet - Initializing Servlet 'dispatcherServlet'
2025-10-06 16:50:53.715 [http-nio-8080-exec-1] INFO  org.springframework.web.servlet.DispatcherServlet - Completed initialization in 1 ms
2025-10-06 17:00:32.626 [background-preinit] INFO  org.hibernate.validator.internal.util.Version - HV000001: Hibernate Validator 6.2.5.Final
2025-10-06 17:00:32.657 [main] INFO  com.company.nextlabs.policygen.PolicyGeneratorApplication - Starting PolicyGeneratorApplication using Java 11.0.28 on MITRE with PID 14396 (C:\Users\ylioh\IdeaProjects\CapstoneProject\build\classes\java\main started by ylioh in C:\Users\ylioh\IdeaProjects\CapstoneProject)
2025-10-06 17:00:32.660 [main] INFO  com.company.nextlabs.policygen.PolicyGeneratorApplication - No active profile set, falling back to 1 default profile: "default"
2025-10-06 17:00:33.353 [main] INFO  org.springframework.boot.web.embedded.tomcat.TomcatWebServer - Tomcat initialized with port(s): 8080 (http)
2025-10-06 17:00:33.495 [main] INFO  org.springframework.boot.web.servlet.context.ServletWebServerApplicationContext - Root WebApplicationContext: initialization completed in 794 ms
2025-10-06 17:00:33.945 [main] INFO  org.springframework.boot.web.embedded.tomcat.TomcatWebServer - Tomcat started on port(s): 8080 (http) with context path ''
2025-10-06 17:00:33.952 [main] INFO  com.company.nextlabs.policygen.PolicyGeneratorApplication - Started PolicyGeneratorApplication in 1.605 seconds (JVM running for 2.867)
2025-10-06 17:01:20.614 [http-nio-8080-exec-2] INFO  org.springframework.web.servlet.DispatcherServlet - Initializing Servlet 'dispatcherServlet'
2025-10-06 17:01:20.616 [http-nio-8080-exec-2] INFO  org.springframework.web.servlet.DispatcherServlet - Completed initialization in 1 ms
2025-10-06 17:12:18.538 [background-preinit] INFO  org.hibernate.validator.internal.util.Version - HV000001: Hibernate Validator 6.2.5.Final
2025-10-06 17:12:18.570 [main] INFO  com.company.nextlabs.policygen.PolicyGeneratorApplication - Starting PolicyGeneratorApplication using Java 11.0.28 on MITRE with PID 4928 (C:\Users\ylioh\IdeaProjects\CapstoneProject\build\classes\java\main started by ylioh in C:\Users\ylioh\IdeaProjects\CapstoneProject)
2025-10-06 17:12:18.578 [main] INFO  com.company.nextlabs.policygen.PolicyGeneratorApplication - No active profile set, falling back to 1 default profile: "default"
2025-10-06 17:12:19.206 [main] INFO  org.springframework.boot.web.embedded.tomcat.TomcatWebServer - Tomcat initialized with port(s): 8080 (http)
2025-10-06 17:12:19.370 [main] INFO  org.springframework.boot.web.servlet.context.ServletWebServerApplicationContext - Root WebApplicationContext: initialization completed in 764 ms
2025-10-06 17:12:19.759 [main] INFO  org.springframework.boot.web.embedded.tomcat.TomcatWebServer - Tomcat started on port(s): 8080 (http) with context path ''
2025-10-06 17:12:19.767 [main] INFO  com.company.nextlabs.policygen.PolicyGeneratorApplication - Started PolicyGeneratorApplication in 1.541 seconds (JVM running for 2.744)
2025-10-06 17:12:23.911 [http-nio-8080-exec-2] INFO  org.springframework.web.servlet.DispatcherServlet - Initializing Servlet 'dispatcherServlet'
2025-10-06 17:12:23.914 [http-nio-8080-exec-2] INFO  org.springframework.web.servlet.DispatcherServlet - Completed initialization in 0 ms
2025-10-06 17:17:51.213 [background-preinit] INFO  org.hibernate.validator.internal.util.Version - HV000001: Hibernate Validator 6.2.5.Final
2025-10-06 17:17:51.260 [main] INFO  com.company.nextlabs.policygen.PolicyGeneratorApplication - Starting PolicyGeneratorApplication using Java 11.0.28 on MITRE with PID 1344 (C:\Users\ylioh\IdeaProjects\CapstoneProject\build\classes\java\main started by ylioh in C:\Users\ylioh\IdeaProjects\CapstoneProject)
2025-10-06 17:17:51.262 [main] INFO  com.company.nextlabs.policygen.PolicyGeneratorApplication - No active profile set, falling back to 1 default profile: "default"
2025-10-06 17:17:52.041 [main] INFO  org.springframework.boot.web.embedded.tomcat.TomcatWebServer - Tomcat initialized with port(s): 8080 (http)
2025-10-06 17:17:52.381 [main] INFO  org.springframework.boot.web.servlet.context.ServletWebServerApplicationContext - Root WebApplicationContext: initialization completed in 1075 ms
2025-10-06 17:17:52.813 [main] INFO  org.springframework.boot.web.embedded.tomcat.TomcatWebServer - Tomcat started on port(s): 8080 (http) with context path ''
2025-10-06 17:17:52.822 [main] INFO  com.company.nextlabs.policygen.PolicyGeneratorApplication - Started PolicyGeneratorApplication in 1.903 seconds (JVM running for 3.103)
2025-10-06 17:18:23.457 [http-nio-8080-exec-2] INFO  org.springframework.web.servlet.DispatcherServlet - Initializing Servlet 'dispatcherServlet'
2025-10-06 17:18:23.457 [http-nio-8080-exec-2] INFO  org.springframework.web.servlet.DispatcherServlet - Completed initialization in 0 ms
2025-10-06 17:24:16.848 [background-preinit] INFO  org.hibernate.validator.internal.util.Version - HV000001: Hibernate Validator 6.2.5.Final
2025-10-06 17:24:16.878 [main] INFO  com.company.nextlabs.policygen.PolicyGeneratorApplication - Starting PolicyGeneratorApplication using Java 11.0.28 on MITRE with PID 35744 (C:\Users\ylioh\IdeaProjects\CapstoneProject\build\classes\java\main started by ylioh in C:\Users\ylioh\IdeaProjects\CapstoneProject)
2025-10-06 17:24:16.878 [main] INFO  com.company.nextlabs.policygen.PolicyGeneratorApplication - No active profile set, falling back to 1 default profile: "default"
2025-10-06 17:24:17.570 [main] INFO  org.springframework.boot.web.embedded.tomcat.TomcatWebServer - Tomcat initialized with port(s): 8080 (http)
2025-10-06 17:24:17.700 [main] INFO  org.springframework.boot.web.servlet.context.ServletWebServerApplicationContext - Root WebApplicationContext: initialization completed in 791 ms
2025-10-06 17:24:18.181 [main] INFO  org.springframework.boot.web.embedded.tomcat.TomcatWebServer - Tomcat started on port(s): 8080 (http) with context path ''
2025-10-06 17:24:18.190 [main] INFO  com.company.nextlabs.policygen.PolicyGeneratorApplication - Started PolicyGeneratorApplication in 1.635 seconds (JVM running for 2.85)
2025-10-06 17:25:22.890 [http-nio-8080-exec-2] INFO  org.springframework.web.servlet.DispatcherServlet - Initializing Servlet 'dispatcherServlet'
2025-10-06 17:25:22.890 [http-nio-8080-exec-2] INFO  org.springframework.web.servlet.DispatcherServlet - Completed initialization in 0 ms
2025-10-06 17:35:58.070 [background-preinit] INFO  org.hibernate.validator.internal.util.Version - HV000001: Hibernate Validator 6.2.5.Final
2025-10-06 17:35:58.101 [main] INFO  com.company.nextlabs.policygen.PolicyGeneratorApplication - Starting PolicyGeneratorApplication using Java 11.0.28 on MITRE with PID 22344 (C:\Users\ylioh\IdeaProjects\CapstoneProject\build\classes\java\main started by ylioh in C:\Users\ylioh\IdeaProjects\CapstoneProject)
2025-10-06 17:35:58.105 [main] INFO  com.company.nextlabs.policygen.PolicyGeneratorApplication - No active profile set, falling back to 1 default profile: "default"
2025-10-06 17:35:58.813 [main] INFO  org.springframework.boot.web.embedded.tomcat.TomcatWebServer - Tomcat initialized with port(s): 8080 (http)
2025-10-06 17:35:58.926 [main] INFO  org.springframework.boot.web.servlet.context.ServletWebServerApplicationContext - Root WebApplicationContext: initialization completed in 790 ms
2025-10-06 17:35:59.366 [main] INFO  org.springframework.boot.web.embedded.tomcat.TomcatWebServer - Tomcat started on port(s): 8080 (http) with context path ''
2025-10-06 17:35:59.373 [main] INFO  com.company.nextlabs.policygen.PolicyGeneratorApplication - Started PolicyGeneratorApplication in 1.603 seconds (JVM running for 2.86)
2025-10-06 17:36:39.848 [http-nio-8080-exec-2] INFO  org.springframework.web.servlet.DispatcherServlet - Initializing Servlet 'dispatcherServlet'
2025-10-06 17:36:39.850 [http-nio-8080-exec-2] INFO  org.springframework.web.servlet.DispatcherServlet - Completed initialization in 1 ms
2025-10-06 18:25:01.583 [background-preinit] INFO  org.hibernate.validator.internal.util.Version - HV000001: Hibernate Validator 6.2.5.Final
2025-10-06 18:25:01.615 [main] INFO  com.company.nextlabs.policygen.PolicyGeneratorApplication - Starting PolicyGeneratorApplication using Java 11.0.28 on MITRE with PID 22008 (C:\Users\ylioh\IdeaProjects\CapstoneProject\build\classes\java\main started by ylioh in C:\Users\ylioh\IdeaProjects\CapstoneProject)
2025-10-06 18:25:01.620 [main] INFO  com.company.nextlabs.policygen.PolicyGeneratorApplication - No active profile set, falling back to 1 default profile: "default"
2025-10-06 18:25:02.542 [main] INFO  org.springframework.boot.web.embedded.tomcat.TomcatWebServer - Tomcat initialized with port(s): 8080 (http)
2025-10-06 18:25:02.714 [main] INFO  org.springframework.boot.web.servlet.context.ServletWebServerApplicationContext - Root WebApplicationContext: initialization completed in 1050 ms
2025-10-06 18:25:03.004 [main] INFO  org.springframework.boot.web.embedded.tomcat.TomcatWebServer - Tomcat started on port(s): 8080 (http) with context path ''
2025-10-06 18:25:03.011 [main] INFO  com.company.nextlabs.policygen.PolicyGeneratorApplication - Started PolicyGeneratorApplication in 1.781 seconds (JVM running for 3.194)
2025-10-06 18:25:08.222 [http-nio-8080-exec-1] INFO  org.springframework.web.servlet.DispatcherServlet - Initializing Servlet 'dispatcherServlet'
2025-10-06 18:25:08.222 [http-nio-8080-exec-1] INFO  org.springframework.web.servlet.DispatcherServlet - Completed initialization in 0 ms
